#
# There is insufficient memory for the Java Runtime Environment to continue.
# Native memory allocation (malloc) failed to allocate 1048576 bytes for AllocateHeap
# Possible reasons:
#   The system is out of physical RAM or swap space
#   The process is running with CompressedOops enabled, and the Java Heap may be blocking the growth of the native heap
# Possible solutions:
#   Reduce memory load on the system
#   Increase physical memory or swap space
#   Check if swap backing store is full
#   Decrease Java heap size (-Xmx/-Xms)
#   Decrease number of Java threads
#   Decrease Java thread stack sizes (-Xss)
#   Set larger code cache with -XX:ReservedCodeCacheSize=
#   JVM is running with Unscaled Compressed Oops mode in which the Java heap is
#     placed in the first 4GB address space. The Java Heap base address is the
#     maximum limit for the native heap growth. Please use -XX:HeapBaseMinAddress
#     to set the Java Heap base and to place the Java Heap above 4GB virtual address.
# This output file may be truncated or incomplete.
#
#  Out of Memory Error (memory/allocation.inline.hpp:61), pid=11076, tid=0x000000000000067c
#
# JRE version:  (8.0_241-b07) (build )
# Java VM: Java HotSpot(TM) 64-Bit Server VM (25.241-b07 mixed mode windows-amd64 compressed oops)
# Failed to write core dump. Minidumps are not enabled by default on client versions of Windows
#

---------------  T H R E A D  ---------------

Current thread (0x0000000002f7e000):  JavaThread "Unknown thread" [_thread_in_vm, id=1660, stack(0x0000000002fc0000,0x00000000030c0000)]

Stack: [0x0000000002fc0000,0x00000000030c0000]
[error occurred during error reporting (printing stack bounds), id 0xc0000005]

Native frames: (J=compiled Java code, j=interpreted, Vv=VM code, C=native code)


---------------  P R O C E S S  ---------------

Java Threads: ( => current thread )

Other Threads:

=>0x0000000002f7e000 (exited) JavaThread "Unknown thread" [_thread_in_vm, id=1660, stack(0x0000000002fc0000,0x00000000030c0000)]

VM state:not at safepoint (normal execution)

VM Mutex/Monitor currently owned by a thread: None

heap address: 0x00000000fc000000, size: 64 MB, Compressed Oops mode: 32-bit
Narrow klass base: 0x0000000000000000, Narrow klass shift: 3
Compressed class space size: 1073741824 Address: 0x0000000100000000

Heap:
 PSYoungGen      total 18944K, used 327K [0x00000000feb00000, 0x0000000100000000, 0x0000000100000000)
  eden space 16384K, 2% used [0x00000000feb00000,0x00000000feb51ec8,0x00000000ffb00000)
  from space 2560K, 0% used [0x00000000ffd80000,0x00000000ffd80000,0x0000000100000000)
  to   space 2560K, 0% used [0x00000000ffb00000,0x00000000ffb00000,0x00000000ffd80000)
 ParOldGen       total 44032K, used 0K [0x00000000fc000000, 0x00000000feb00000, 0x00000000feb00000)
  object space 44032K, 0% used [0x00000000fc000000,0x00000000fc000000,0x00000000feb00000)
 Metaspace       used 786K, capacity 1156K, committed 1408K, reserved 1060864K
  class space    used 76K, capacity 384K, committed 384K, reserved 1048576K

Card table byte_map: [0x0000000002e90000,0x0000000002ec0000] byte_map_base: 0x00000000026b0000

Marking Bits: (ParMarkBitMap*) 0x000000006a27be30
 Begin Bits: [0x0000000012d80000, 0x0000000012e80000)
 End Bits:   [0x0000000012e80000, 0x0000000012f80000)

Polling page: 0x00000000016b0000

CodeCache: size=245760Kb used=327Kb max_used=327Kb free=245432Kb
 bounds [0x00000000031c0000, 0x0000000003430000, 0x00000000121c0000]
 total_blobs=57 nmethods=0 adapters=38
 compilation: enabled

Compilation events (0 events):
No events

GC Heap History (0 events):
No events

Deoptimization events (0 events):
No events

Classes redefined (0 events):
No events

Internal exceptions (0 events):
No events

Events (10 events):
Event: 0.037 loading class java/lang/Short
Event: 0.037 loading class java/lang/Short done
Event: 0.037 loading class java/lang/Integer
Event: 0.037 loading class java/lang/Integer done
Event: 0.037 loading class java/lang/Long
Event: 0.037 loading class java/lang/Long done
Event: 0.038 loading class java/lang/NullPointerException
Event: 0.038 loading class java/lang/NullPointerException done
Event: 0.038 loading class java/lang/ArithmeticException
Event: 0.038 loading class java/lang/ArithmeticException done


Dynamic libraries:
0x00007ff7f00b0000 - 0x00007ff7f00e7000 	C:\Program Files\Java\jdk1.8.0_241\bin\java.exe
0x00007ffb2e440000 - 0x00007ffb2e630000 	C:\Windows\SYSTEM32\ntdll.dll
0x00007ffb2dfb0000 - 0x00007ffb2e062000 	C:\Windows\System32\KERNEL32.DLL
0x00007ffb2b450000 - 0x00007ffb2b6f3000 	C:\Windows\System32\KERNELBASE.dll
0x00007ffb2c7c0000 - 0x00007ffb2c863000 	C:\Windows\System32\ADVAPI32.dll
0x00007ffb2d350000 - 0x00007ffb2d3ee000 	C:\Windows\System32\msvcrt.dll
0x00007ffb2e180000 - 0x00007ffb2e217000 	C:\Windows\System32\sechost.dll
0x00007ffb2d080000 - 0x00007ffb2d1a0000 	C:\Windows\System32\RPCRT4.dll
0x00007ffb2c620000 - 0x00007ffb2c7b4000 	C:\Windows\System32\USER32.dll
0x00007ffb2b3d0000 - 0x00007ffb2b3f1000 	C:\Windows\System32\win32u.dll
0x00007ffb2e070000 - 0x00007ffb2e096000 	C:\Windows\System32\GDI32.dll
0x00007ffb2c320000 - 0x00007ffb2c4b4000 	C:\Windows\System32\gdi32full.dll
0x00007ffb2c030000 - 0x00007ffb2c0ce000 	C:\Windows\System32\msvcp_win.dll
0x00007ffb2c0d0000 - 0x00007ffb2c1ca000 	C:\Windows\System32\ucrtbase.dll
0x00007ffb1a730000 - 0x00007ffb1a9b5000 	C:\Windows\WinSxS\amd64_microsoft.windows.common-controls_6595b64144ccf1df_6.0.18362.657_none_e6c5b579130e3898\COMCTL32.dll
0x00007ffb2dc70000 - 0x00007ffb2dfa6000 	C:\Windows\System32\combase.dll
0x00007ffb2b830000 - 0x00007ffb2b8b0000 	C:\Windows\System32\bcryptPrimitives.dll
0x00007ffb2c9a0000 - 0x00007ffb2c9ce000 	C:\Windows\System32\IMM32.DLL
0x000000006a300000 - 0x000000006a3d2000 	C:\Program Files\Java\jdk1.8.0_241\jre\bin\msvcr100.dll
0x0000000069a50000 - 0x000000006a2fc000 	C:\Program Files\Java\jdk1.8.0_241\jre\bin\server\jvm.dll
0x00007ffb2cb80000 - 0x00007ffb2cb88000 	C:\Windows\System32\PSAPI.DLL
0x00007ffb0b510000 - 0x00007ffb0b519000 	C:\Windows\SYSTEM32\WSOCK32.dll
0x00007ffb240c0000 - 0x00007ffb240ca000 	C:\Windows\SYSTEM32\VERSION.dll
0x00007ffb27fa0000 - 0x00007ffb27fc4000 	C:\Windows\SYSTEM32\WINMM.dll
0x00007ffb2d2e0000 - 0x00007ffb2d34f000 	C:\Windows\System32\WS2_32.dll
0x00007ffb27f70000 - 0x00007ffb27f9d000 	C:\Windows\SYSTEM32\WINMMBASE.dll
0x00007ffb2b400000 - 0x00007ffb2b44a000 	C:\Windows\System32\cfgmgr32.dll
0x00007ffb26b70000 - 0x00007ffb26b7f000 	C:\Program Files\Java\jdk1.8.0_241\jre\bin\verify.dll
0x00007ffb26940000 - 0x00007ffb26969000 	C:\Program Files\Java\jdk1.8.0_241\jre\bin\java.dll
0x00007ffb26920000 - 0x00007ffb26936000 	C:\Program Files\Java\jdk1.8.0_241\jre\bin\zip.dll

VM Arguments:
jvm_args: -Xmx64m -Xms64m -Dorg.gradle.appname=gradlew 
java_command: org.gradle.wrapper.GradleWrapperMain app:installDebug -PreactNativeDevServerPort=8081
java_class_path (initial): E:\ReactNative\exe01\android\\gradle\wrapper\gradle-wrapper.jar
Launcher Type: SUN_STANDARD

Environment Variables:
JAVA_HOME=C:\Program Files\Java\jdk1.8.0_241
CLASSPATH=E:\ReactNative\exe01\android\\gradle\wrapper\gradle-wrapper.jar
PATH=C:\Program Files (x86)\Common Files\Oracle\Java\javapath;C:\ProgramData\Oracle\Java\javapath;C:\Windows\system32;C:\Windows;C:\Windows\System32\Wbem;C:\Windows\System32\WindowsPowerShell\v1.0\;C:\Windows\System32\OpenSSH\;C:\Program Files\Java\jdk1.8.0_91\bin;C:\Program Files\Common Files\Autodesk Shared\;C:\Program Files\Microsoft SQL Server\120\Tools\Binn\;C:\Program Files\Intel\WiFi\bin\;C:\Program Files\Common Files\Intel\WirelessCommon\;C:\Program Files\nodejs\;C:\Program Files\Git\cmd;C:\Program Files\Microsoft VS Code\bin;;C:\Program Files (x86)\NVIDIA Corporation\PhysX\Common;C:\Users\edian\AppData\Local\Microsoft\WindowsApps;C:\Users\edian\AppData\Roaming\npm;C:\Users\edian\AppData\Local\Android\Sdk\tools;C:\Users\edian\AppData\Local\Android\Sdk\tools\bin;C:\Users\edian\AppData\Local\Android\Sdk\platform-tools
USERNAME=edian
OS=Windows_NT
PROCESSOR_IDENTIFIER=AMD64 Family 23 Model 17 Stepping 0, AuthenticAMD



---------------  S Y S T E M  ---------------

OS: Windows 10.0 , 64 bit Build 18362 (10.0.18362.329)

CPU:total 8 (initial active 8) (8 cores per cpu, 1 threads per core) family 23 model 17 stepping 0, cmov, cx8, fxsr, mmx, sse, sse2, sse3, ssse3, sse4.1, sse4.2, popcnt, avx, avx2, aes, clmul, mmxext, 3dnowpref, lzcnt, sse4a, tsc, tscinvbit, tscinv, bmi1

Memory: 4k page, physical 7286916k(2264232k free), swap 7286916k(5436k free)

vm_info: Java HotSpot(TM) 64-Bit Server VM (25.241-b07) for windows-amd64 JRE (1.8.0_241-b07), built on Dec 11 2019 10:21:40 by "rejava" with MS VC++ 10.0 (VS2010)

time: Mon Feb 17 09:15:51 2020
timezone: Hora Padrão de Buenos Aires
elapsed time: 0 seconds (0d 0h 0m 0s)

