#
# There is insufficient memory for the Java Runtime Environment to continue.
# Native memory allocation (malloc) failed to allocate 131088 bytes for Chunk::new
# Possible reasons:
#   The system is out of physical RAM or swap space
#   The process is running with CompressedOops enabled, and the Java Heap may be blocking the growth of the native heap
# Possible solutions:
#   Reduce memory load on the system
#   Increase physical memory or swap space
#   Check if swap backing store is full
#   Decrease Java heap size (-Xmx/-Xms)
#   Decrease number of Java threads
#   Decrease Java thread stack sizes (-Xss)
#   Set larger code cache with -XX:ReservedCodeCacheSize=
#   JVM is running with Unscaled Compressed Oops mode in which the Java heap is
#     placed in the first 4GB address space. The Java Heap base address is the
#     maximum limit for the native heap growth. Please use -XX:HeapBaseMinAddress
#     to set the Java Heap base and to place the Java Heap above 4GB virtual address.
# This output file may be truncated or incomplete.
#
#  Out of Memory Error (allocation.cpp:389), pid=9024, tid=0x000000000000223c
#
# JRE version: Java(TM) SE Runtime Environment (8.0_241-b07) (build 1.8.0_241-b07)
# Java VM: Java HotSpot(TM) 64-Bit Server VM (25.241-b07 mixed mode windows-amd64 compressed oops)
# Failed to write core dump. Minidumps are not enabled by default on client versions of Windows
#

---------------  T H R E A D  ---------------

Current thread (0x00000000149fb000):  JavaThread "C2 CompilerThread0" daemon [_thread_in_native, id=8764, stack(0x00000000170e0000,0x00000000171e0000)]

Stack: [0x00000000170e0000,0x00000000171e0000]
[error occurred during error reporting (printing stack bounds), id 0xc0000005]

Native frames: (J=compiled Java code, j=interpreted, Vv=VM code, C=native code)


Current CompileTask:
C2:   4477 1336       4       java.net.URLClassLoader$1::run (5 bytes)


---------------  P R O C E S S  ---------------

Java Threads: ( => current thread )
  0x0000000018c57800 JavaThread "Cache worker for journal cache (C:\Users\edian\.gradle\caches\journal-1)" [_thread_blocked, id=8528, stack(0x000000001a450000,0x000000001a550000)]
  0x0000000018c54800 JavaThread "File lock request listener" [_thread_in_native, id=6708, stack(0x000000001a350000,0x000000001a450000)]
  0x0000000018c5a000 JavaThread "Cache worker for file hash cache (C:\Users\edian\.gradle\caches\5.5\fileHashes)" [_thread_blocked, id=9012, stack(0x000000001a250000,0x000000001a350000)]
  0x0000000018bcf800 JavaThread "Thread-9" [_thread_blocked, id=8760, stack(0x000000001a150000,0x000000001a250000)]
  0x0000000018bca800 JavaThread "Stdin handler" [_thread_blocked, id=4204, stack(0x000000001a050000,0x000000001a150000)]
  0x0000000018bca000 JavaThread "Asynchronous log dispatcher for DefaultDaemonConnection: socket connection from /127.0.0.1:50403 to /127.0.0.1:50404" [_thread_blocked, id=1796, stack(0x0000000019e50000,0x0000000019f50000)]
  0x0000000018bc4800 JavaThread "Daemon worker" [_thread_in_native, id=6496, stack(0x0000000019d50000,0x0000000019e50000)]
  0x0000000018bc3000 JavaThread "Cancel handler" [_thread_blocked, id=6780, stack(0x0000000019c50000,0x0000000019d50000)]
  0x0000000018bbd000 JavaThread "Handler for socket connection from /127.0.0.1:50403 to /127.0.0.1:50404" [_thread_in_native, id=7156, stack(0x0000000019950000,0x0000000019a50000)]
  0x0000000018baf800 JavaThread "Daemon" [_thread_blocked, id=716, stack(0x0000000019850000,0x0000000019950000)]
  0x0000000018b3f000 JavaThread "Daemon periodic checks" [_thread_blocked, id=12812, stack(0x0000000019750000,0x0000000019850000)]
  0x0000000018b3e800 JavaThread "Incoming local TCP Connector on port 50403" [_thread_in_native, id=2392, stack(0x00000000194f0000,0x00000000195f0000)]
  0x0000000018abd000 JavaThread "Daemon health stats" [_thread_blocked, id=2844, stack(0x0000000018eb0000,0x0000000018fb0000)]
  0x000000001687a800 JavaThread "Service Thread" daemon [_thread_blocked, id=5724, stack(0x00000000174e0000,0x00000000175e0000)]
  0x000000001681e000 JavaThread "C1 CompilerThread3" daemon [_thread_blocked, id=4392, stack(0x00000000173e0000,0x00000000174e0000)]
  0x0000000016816000 JavaThread "C2 CompilerThread2" daemon [_thread_blocked, id=3228, stack(0x00000000172e0000,0x00000000173e0000)]
  0x00000000149fe800 JavaThread "C2 CompilerThread1" daemon [_thread_blocked, id=7000, stack(0x00000000171e0000,0x00000000172e0000)]
=>0x00000000149fb000 JavaThread "C2 CompilerThread0" daemon [_thread_in_native, id=8764, stack(0x00000000170e0000,0x00000000171e0000)]
  0x0000000016805800 JavaThread "Attach Listener" daemon [_thread_blocked, id=12976, stack(0x0000000016fe0000,0x00000000170e0000)]
  0x0000000016804000 JavaThread "Signal Dispatcher" daemon [_thread_blocked, id=2060, stack(0x0000000016ee0000,0x0000000016fe0000)]
  0x000000000317c800 JavaThread "Finalizer" daemon [_thread_blocked, id=8788, stack(0x0000000016cd0000,0x0000000016dd0000)]
  0x00000000167f0800 JavaThread "Reference Handler" daemon [_thread_blocked, id=11860, stack(0x0000000016bd0000,0x0000000016cd0000)]
  0x000000000173e000 JavaThread "main" [_thread_blocked, id=4664, stack(0x0000000002f80000,0x0000000003080000)]

Other Threads:
  0x00000000149ea000 VMThread [stack: 0x00000000166d0000,0x00000000167d0000] [id=6836]
  0x000000001687e000 WatcherThread [stack: 0x00000000175e0000,0x00000000176e0000] [id=7040]

VM state:not at safepoint (normal execution)

VM Mutex/Monitor currently owned by a thread: None

heap address: 0x00000000e0000000, size: 512 MB, Compressed Oops mode: 32-bit
Narrow klass base: 0x0000000000000000, Narrow klass shift: 3
Compressed class space size: 1073741824 Address: 0x0000000100000000

Heap:
 PSYoungGen      total 76288K, used 67027K [0x00000000f5580000, 0x00000000faa80000, 0x0000000100000000)
  eden space 65536K, 92% used [0x00000000f5580000,0x00000000f90c7048,0x00000000f9580000)
  from space 10752K, 58% used [0x00000000f9580000,0x00000000f9badce0,0x00000000fa000000)
  to   space 10752K, 0% used [0x00000000fa000000,0x00000000fa000000,0x00000000faa80000)
 ParOldGen       total 175104K, used 16K [0x00000000e0000000, 0x00000000eab00000, 0x00000000f5580000)
  object space 175104K, 0% used [0x00000000e0000000,0x00000000e0004000,0x00000000eab00000)
 Metaspace       used 14488K, capacity 14920K, committed 15104K, reserved 1062912K
  class space    used 2105K, capacity 2238K, committed 2304K, reserved 1048576K

Card table byte_map: [0x0000000012540000,0x0000000012650000] byte_map_base: 0x0000000011e40000

Marking Bits: (ParMarkBitMap*) 0x000000006a27be30
 Begin Bits: [0x0000000012f00000, 0x0000000013700000)
 End Bits:   [0x0000000013700000, 0x0000000013f00000)

Polling page: 0x0000000001240000

CodeCache: size=245760Kb used=4947Kb max_used=4947Kb free=240812Kb
 bounds [0x0000000003180000, 0x0000000003660000, 0x0000000012180000]
 total_blobs=1748 nmethods=1369 adapters=292
 compilation: enabled

Compilation events (10 events):
Event: 4.455 Thread 0x000000001681e000 1365       3       org.gradle.internal.service.DefaultServiceRegistry$OwnServices::getService (309 bytes)
Event: 4.458 Thread 0x000000001681e000 nmethod 1365 0x000000000364f550 code [0x000000000364fa40, 0x00000000036529d8]
Event: 4.458 Thread 0x000000001681e000 1367       3       com.google.common.base.Preconditions::checkNotNull (14 bytes)
Event: 4.458 Thread 0x000000001681e000 nmethod 1367 0x0000000003654010 code [0x0000000003654180, 0x00000000036543a8]
Event: 4.459 Thread 0x000000001681e000 1368       3       org.gradle.api.file.internal.FilePathUtil::sizeOfCommonPrefix (142 bytes)
Event: 4.460 Thread 0x000000001681e000 nmethod 1368 0x0000000003654490 code [0x0000000003654700, 0x0000000003655b28]
Event: 4.460 Thread 0x000000001681e000 1369       3       com.google.common.collect.AbstractIndexedListIterator::next (31 bytes)
Event: 4.461 Thread 0x000000001681e000 nmethod 1369 0x0000000003656490 code [0x0000000003656620, 0x0000000003656a78]
Event: 4.461 Thread 0x000000001681e000 1370       3       com.google.common.collect.ImmutableList$Itr::get (9 bytes)
Event: 4.461 Thread 0x000000001681e000 nmethod 1370 0x0000000003656bd0 code [0x0000000003656d40, 0x0000000003656f68]

GC Heap History (2 events):
Event: 1.757 GC heap before
{Heap before GC invocations=1 (full 0):
 PSYoungGen      total 76288K, used 65536K [0x00000000f5580000, 0x00000000faa80000, 0x0000000100000000)
  eden space 65536K, 100% used [0x00000000f5580000,0x00000000f9580000,0x00000000f9580000)
  from space 10752K, 0% used [0x00000000fa000000,0x00000000fa000000,0x00000000faa80000)
  to   space 10752K, 0% used [0x00000000f9580000,0x00000000f9580000,0x00000000fa000000)
 ParOldGen       total 175104K, used 0K [0x00000000e0000000, 0x00000000eab00000, 0x00000000f5580000)
  object space 175104K, 0% used [0x00000000e0000000,0x00000000e0000000,0x00000000eab00000)
 Metaspace       used 7853K, capacity 8170K, committed 8320K, reserved 1056768K
  class space    used 1033K, capacity 1113K, committed 1152K, reserved 1048576K
Event: 1.769 GC heap after
Heap after GC invocations=1 (full 0):
 PSYoungGen      total 76288K, used 6327K [0x00000000f5580000, 0x00000000faa80000, 0x0000000100000000)
  eden space 65536K, 0% used [0x00000000f5580000,0x00000000f5580000,0x00000000f9580000)
  from space 10752K, 58% used [0x00000000f9580000,0x00000000f9badce0,0x00000000fa000000)
  to   space 10752K, 0% used [0x00000000fa000000,0x00000000fa000000,0x00000000faa80000)
 ParOldGen       total 175104K, used 16K [0x00000000e0000000, 0x00000000eab00000, 0x00000000f5580000)
  object space 175104K, 0% used [0x00000000e0000000,0x00000000e0004000,0x00000000eab00000)
 Metaspace       used 7853K, capacity 8170K, committed 8320K, reserved 1056768K
  class space    used 1033K, capacity 1113K, committed 1152K, reserved 1048576K
}

Deoptimization events (10 events):
Event: 1.917 Thread 0x000000000173e000 Uncommon trap: reason=bimorphic action=maybe_recompile pc=0x000000000341c938 method=java.util.HashMap.putVal(ILjava/lang/Object;Ljava/lang/Object;ZZ)Ljava/lang/Object; @ 203
Event: 2.557 Thread 0x000000000173e000 Uncommon trap: reason=unstable_if action=reinterpret pc=0x000000000343ad40 method=java.io.WinNTFileSystem.normalize(Ljava/lang/String;)Ljava/lang/String; @ 128
Event: 2.557 Thread 0x000000000173e000 Uncommon trap: reason=unstable_if action=reinterpret pc=0x00000000034a4bc0 method=java.io.WinNTFileSystem.normalize(Ljava/lang/String;II)Ljava/lang/String; @ 90
Event: 3.953 Thread 0x0000000018bc4800 Uncommon trap: reason=bimorphic action=maybe_recompile pc=0x000000000341b9e0 method=java.util.HashMap.putVal(ILjava/lang/Object;Ljava/lang/Object;ZZ)Ljava/lang/Object; @ 253
Event: 3.953 Thread 0x0000000018bc4800 Uncommon trap: reason=bimorphic action=maybe_recompile pc=0x000000000341b9e0 method=java.util.HashMap.putVal(ILjava/lang/Object;Ljava/lang/Object;ZZ)Ljava/lang/Object; @ 253
Event: 3.953 Thread 0x0000000018bc4800 Uncommon trap: reason=bimorphic action=maybe_recompile pc=0x000000000341b9e0 method=java.util.HashMap.putVal(ILjava/lang/Object;Ljava/lang/Object;ZZ)Ljava/lang/Object; @ 253
Event: 4.219 Thread 0x0000000018bc4800 Uncommon trap: reason=class_check action=maybe_recompile pc=0x0000000003459f00 method=java.util.regex.Matcher.match(II)Z @ 86
Event: 4.231 Thread 0x0000000018bc4800 Uncommon trap: reason=class_check action=maybe_recompile pc=0x0000000003459f00 method=java.util.regex.Matcher.match(II)Z @ 86
Event: 4.231 Thread 0x0000000018bc4800 Uncommon trap: reason=class_check action=maybe_recompile pc=0x0000000003459f00 method=java.util.regex.Matcher.match(II)Z @ 86
Event: 4.231 Thread 0x0000000018bc4800 Uncommon trap: reason=class_check action=maybe_recompile pc=0x0000000003418bc8 method=java.util.regex.Matcher.match(II)Z @ 86

Classes redefined (0 events):
No events

Internal exceptions (10 events):
Event: 0.675 Thread 0x000000000173e000 Exception <a 'java/lang/ArrayIndexOutOfBoundsException'> (0x00000000f66f9338) thrown at [C:\ade\jenkins\workspace\8-2-build-windows-amd64-cygwin\jdk8u241\331\hotspot\src\share\vm\runtime\sharedRuntime.cpp, line 605]
Event: 0.675 Thread 0x000000000173e000 Exception <a 'java/lang/ArrayIndexOutOfBoundsException'> (0x00000000f66fab08) thrown at [C:\ade\jenkins\workspace\8-2-build-windows-amd64-cygwin\jdk8u241\331\hotspot\src\share\vm\runtime\sharedRuntime.cpp, line 605]
Event: 0.675 Thread 0x000000000173e000 Exception <a 'java/lang/ArrayIndexOutOfBoundsException'> (0x00000000f66fd950) thrown at [C:\ade\jenkins\workspace\8-2-build-windows-amd64-cygwin\jdk8u241\331\hotspot\src\share\vm\runtime\sharedRuntime.cpp, line 605]
Event: 0.677 Thread 0x000000000173e000 Exception <a 'java/lang/ArrayIndexOutOfBoundsException'> (0x00000000f6709058) thrown at [C:\ade\jenkins\workspace\8-2-build-windows-amd64-cygwin\jdk8u241\331\hotspot\src\share\vm\runtime\sharedRuntime.cpp, line 605]
Event: 0.678 Thread 0x000000000173e000 Exception <a 'java/lang/ArrayIndexOutOfBoundsException'> (0x00000000f671c3e0) thrown at [C:\ade\jenkins\workspace\8-2-build-windows-amd64-cygwin\jdk8u241\331\hotspot\src\share\vm\runtime\sharedRuntime.cpp, line 605]
Event: 0.679 Thread 0x000000000173e000 Exception <a 'java/lang/ArrayIndexOutOfBoundsException'> (0x00000000f67274d0) thrown at [C:\ade\jenkins\workspace\8-2-build-windows-amd64-cygwin\jdk8u241\331\hotspot\src\share\vm\runtime\sharedRuntime.cpp, line 605]
Event: 0.679 Thread 0x000000000173e000 Exception <a 'java/lang/ArrayIndexOutOfBoundsException'> (0x00000000f67344a0) thrown at [C:\ade\jenkins\workspace\8-2-build-windows-amd64-cygwin\jdk8u241\331\hotspot\src\share\vm\runtime\sharedRuntime.cpp, line 605]
Event: 1.893 Thread 0x000000000173e000 Exception <a 'java/lang/NoSuchFieldError': method resolution failed> (0x00000000f5c210f8) thrown at [C:\ade\jenkins\workspace\8-2-build-windows-amd64-cygwin\jdk8u241\331\hotspot\src\share\vm\prims\methodHandles.cpp, line 1167]
Event: 1.898 Thread 0x000000000173e000 Exception <a 'java/lang/NoSuchFieldError': method resolution failed> (0x00000000f5c2eed8) thrown at [C:\ade\jenkins\workspace\8-2-build-windows-amd64-cygwin\jdk8u241\331\hotspot\src\share\vm\prims\methodHandles.cpp, line 1167]
Event: 3.838 Thread 0x000000000173e000 Exception <a 'java/io/IOException'> (0x00000000f6456fc0) thrown at [C:\ade\jenkins\workspace\8-2-build-windows-amd64-cygwin\jdk8u241\331\hotspot\src\share\vm\prims\jni.cpp, line 710]

Events (10 events):
Event: 4.470 loading class org/apache/tools/ant/FileScanner done
Event: 4.470 loading class org/apache/tools/ant/types/selectors/SelectorScanner
Event: 4.470 loading class org/apache/tools/ant/types/selectors/SelectorScanner done
Event: 4.471 loading class org/apache/tools/ant/types/ResourceFactory
Event: 4.471 loading class org/apache/tools/ant/types/ResourceFactory done
Event: 4.472 loading class org/apache/tools/ant/BuildException
Event: 4.472 loading class org/apache/tools/ant/BuildException done
Event: 4.473 loading class org/apache/tools/ant/util/VectorSet
Event: 4.473 loading class org/apache/tools/ant/util/VectorSet done
Event: 4.474 Executing VM operation: Deoptimize


Dynamic libraries:
0x00007ff7f00b0000 - 0x00007ff7f00e7000 	C:\Program Files\Java\jdk1.8.0_241\bin\java.exe
0x00007ffb2e440000 - 0x00007ffb2e630000 	C:\Windows\SYSTEM32\ntdll.dll
0x00007ffb2dfb0000 - 0x00007ffb2e062000 	C:\Windows\System32\KERNEL32.DLL
0x00007ffb2b450000 - 0x00007ffb2b6f3000 	C:\Windows\System32\KERNELBASE.dll
0x00007ffb2c7c0000 - 0x00007ffb2c863000 	C:\Windows\System32\ADVAPI32.dll
0x00007ffb2d350000 - 0x00007ffb2d3ee000 	C:\Windows\System32\msvcrt.dll
0x00007ffb2e180000 - 0x00007ffb2e217000 	C:\Windows\System32\sechost.dll
0x00007ffb2d080000 - 0x00007ffb2d1a0000 	C:\Windows\System32\RPCRT4.dll
0x00007ffb2c620000 - 0x00007ffb2c7b4000 	C:\Windows\System32\USER32.dll
0x00007ffb2b3d0000 - 0x00007ffb2b3f1000 	C:\Windows\System32\win32u.dll
0x00007ffb2e070000 - 0x00007ffb2e096000 	C:\Windows\System32\GDI32.dll
0x00007ffb2c320000 - 0x00007ffb2c4b4000 	C:\Windows\System32\gdi32full.dll
0x00007ffb2c030000 - 0x00007ffb2c0ce000 	C:\Windows\System32\msvcp_win.dll
0x00007ffb2c0d0000 - 0x00007ffb2c1ca000 	C:\Windows\System32\ucrtbase.dll
0x00007ffb1a730000 - 0x00007ffb1a9b5000 	C:\Windows\WinSxS\amd64_microsoft.windows.common-controls_6595b64144ccf1df_6.0.18362.657_none_e6c5b579130e3898\COMCTL32.dll
0x00007ffb2dc70000 - 0x00007ffb2dfa6000 	C:\Windows\System32\combase.dll
0x00007ffb2b830000 - 0x00007ffb2b8b0000 	C:\Windows\System32\bcryptPrimitives.dll
0x00007ffb2c9a0000 - 0x00007ffb2c9ce000 	C:\Windows\System32\IMM32.DLL
0x000000006a300000 - 0x000000006a3d2000 	C:\Program Files\Java\jdk1.8.0_241\jre\bin\msvcr100.dll
0x0000000069a50000 - 0x000000006a2fc000 	C:\Program Files\Java\jdk1.8.0_241\jre\bin\server\jvm.dll
0x00007ffb2cb80000 - 0x00007ffb2cb88000 	C:\Windows\System32\PSAPI.DLL
0x00007ffb0b510000 - 0x00007ffb0b519000 	C:\Windows\SYSTEM32\WSOCK32.dll
0x00007ffb27fa0000 - 0x00007ffb27fc4000 	C:\Windows\SYSTEM32\WINMM.dll
0x00007ffb240c0000 - 0x00007ffb240ca000 	C:\Windows\SYSTEM32\VERSION.dll
0x00007ffb2d2e0000 - 0x00007ffb2d34f000 	C:\Windows\System32\WS2_32.dll
0x00007ffb27f70000 - 0x00007ffb27f9d000 	C:\Windows\SYSTEM32\WINMMBASE.dll
0x00007ffb2b400000 - 0x00007ffb2b44a000 	C:\Windows\System32\cfgmgr32.dll
0x00007ffb26640000 - 0x00007ffb2664f000 	C:\Program Files\Java\jdk1.8.0_241\jre\bin\verify.dll
0x00007ffb25330000 - 0x00007ffb25359000 	C:\Program Files\Java\jdk1.8.0_241\jre\bin\java.dll
0x00007ffb26620000 - 0x00007ffb26636000 	C:\Program Files\Java\jdk1.8.0_241\jre\bin\zip.dll
0x00007ffb2d3f0000 - 0x00007ffb2dad5000 	C:\Windows\System32\SHELL32.dll
0x00007ffb2c870000 - 0x00007ffb2c919000 	C:\Windows\System32\shcore.dll
0x00007ffb2b8b0000 - 0x00007ffb2c02f000 	C:\Windows\System32\windows.storage.dll
0x00007ffb2b380000 - 0x00007ffb2b39f000 	C:\Windows\System32\profapi.dll
0x00007ffb2b2f0000 - 0x00007ffb2b33a000 	C:\Windows\System32\powrprof.dll
0x00007ffb2b2e0000 - 0x00007ffb2b2f0000 	C:\Windows\System32\UMPDC.dll
0x00007ffb2c9d0000 - 0x00007ffb2ca22000 	C:\Windows\System32\shlwapi.dll
0x00007ffb2b340000 - 0x00007ffb2b351000 	C:\Windows\System32\kernel.appcore.dll
0x00007ffb2b810000 - 0x00007ffb2b827000 	C:\Windows\System32\cryptsp.dll
0x00007ffb26530000 - 0x00007ffb2654a000 	C:\Program Files\Java\jdk1.8.0_241\jre\bin\net.dll
0x00007ffb2aaf0000 - 0x00007ffb2ab57000 	C:\Windows\system32\mswsock.dll
0x00007ffb25310000 - 0x00007ffb25322000 	C:\Program Files\Java\jdk1.8.0_241\jre\bin\nio.dll
0x00007ffb20400000 - 0x00007ffb20426000 	C:\Users\edian\.gradle\native\29\windows-amd64\native-platform.dll
0x00007ffb252f0000 - 0x00007ffb252fd000 	C:\Program Files\Java\jdk1.8.0_241\jre\bin\management.dll
0x00007ffb2a660000 - 0x00007ffb2a693000 	C:\Windows\system32\rsaenh.dll
0x00007ffb2b3a0000 - 0x00007ffb2b3c6000 	C:\Windows\System32\bcrypt.dll
0x00007ffb2b200000 - 0x00007ffb2b225000 	C:\Windows\SYSTEM32\USERENV.dll
0x00007ffb2acc0000 - 0x00007ffb2accc000 	C:\Windows\SYSTEM32\CRYPTBASE.dll
0x00007ffb2a800000 - 0x00007ffb2a83a000 	C:\Windows\SYSTEM32\IPHLPAPI.DLL
0x00007ffb2d070000 - 0x00007ffb2d078000 	C:\Windows\System32\NSI.dll
0x00007ffb23760000 - 0x00007ffb23776000 	C:\Windows\SYSTEM32\dhcpcsvc6.DLL
0x00007ffb23700000 - 0x00007ffb2371c000 	C:\Windows\SYSTEM32\dhcpcsvc.DLL
0x00007ffb2a840000 - 0x00007ffb2a90a000 	C:\Windows\SYSTEM32\DNSAPI.dll

VM Arguments:
jvm_args: -XX:MaxMetaspaceSize=256m -XX:+HeapDumpOnOutOfMemoryError -Xms256m -Xmx512m -Dfile.encoding=windows-1252 -Duser.country=BR -Duser.language=pt -Duser.variant 
java_command: org.gradle.launcher.daemon.bootstrap.GradleDaemon 5.5
java_class_path (initial): C:\Users\edian\.gradle\wrapper\dists\gradle-5.5-all\byeise1led9a3w3p149d02kfj\gradle-5.5\lib\gradle-launcher-5.5.jar
Launcher Type: SUN_STANDARD

Environment Variables:
JAVA_HOME=C:\Program Files\Java\jdk1.8.0_241
CLASSPATH=E:\ReactNative\exe01\android\\gradle\wrapper\gradle-wrapper.jar
PATH=C:\Program Files (x86)\Common Files\Oracle\Java\javapath;C:\ProgramData\Oracle\Java\javapath;C:\Windows\system32;C:\Windows;C:\Windows\System32\Wbem;C:\Windows\System32\WindowsPowerShell\v1.0\;C:\Windows\System32\OpenSSH\;C:\Program Files\Java\jdk1.8.0_91\bin;C:\Program Files\Common Files\Autodesk Shared\;C:\Program Files\Microsoft SQL Server\120\Tools\Binn\;C:\Program Files\Intel\WiFi\bin\;C:\Program Files\Common Files\Intel\WirelessCommon\;C:\Program Files\nodejs\;C:\Program Files\Git\cmd;C:\Program Files\Microsoft VS Code\bin;;C:\Program Files (x86)\NVIDIA Corporation\PhysX\Common;C:\Users\edian\AppData\Local\Microsoft\WindowsApps;C:\Users\edian\AppData\Roaming\npm;C:\Users\edian\AppData\Local\Android\Sdk\tools;C:\Users\edian\AppData\Local\Android\Sdk\tools\bin;C:\Users\edian\AppData\Local\Android\Sdk\platform-tools
USERNAME=edian
OS=Windows_NT
PROCESSOR_IDENTIFIER=AMD64 Family 23 Model 17 Stepping 0, AuthenticAMD



---------------  S Y S T E M  ---------------

OS: Windows 10.0 , 64 bit Build 18362 (10.0.18362.329)

CPU:total 8 (initial active 8) (8 cores per cpu, 1 threads per core) family 23 model 17 stepping 0, cmov, cx8, fxsr, mmx, sse, sse2, sse3, ssse3, sse4.1, sse4.2, popcnt, avx, avx2, aes, clmul, mmxext, 3dnowpref, lzcnt, sse4a, tsc, tscinvbit, tscinv, bmi1

Memory: 4k page, physical 7286916k(2315204k free), swap 7286916k(5128k free)

vm_info: Java HotSpot(TM) 64-Bit Server VM (25.241-b07) for windows-amd64 JRE (1.8.0_241-b07), built on Dec 11 2019 10:21:40 by "rejava" with MS VC++ 10.0 (VS2010)

time: Mon Feb 17 08:51:33 2020
timezone: Hora Padrão de Buenos Aires
elapsed time: 4 seconds (0d 0h 0m 4s)

