#
# There is insufficient memory for the Java Runtime Environment to continue.
# Native memory allocation (malloc) failed to allocate 273296 bytes for Chunk::new
# Possible reasons:
#   The system is out of physical RAM or swap space
#   The process is running with CompressedOops enabled, and the Java Heap may be blocking the growth of the native heap
# Possible solutions:
#   Reduce memory load on the system
#   Increase physical memory or swap space
#   Check if swap backing store is full
#   Decrease Java heap size (-Xmx/-Xms)
#   Decrease number of Java threads
#   Decrease Java thread stack sizes (-Xss)
#   Set larger code cache with -XX:ReservedCodeCacheSize=
#   JVM is running with Unscaled Compressed Oops mode in which the Java heap is
#     placed in the first 4GB address space. The Java Heap base address is the
#     maximum limit for the native heap growth. Please use -XX:HeapBaseMinAddress
#     to set the Java Heap base and to place the Java Heap above 4GB virtual address.
# This output file may be truncated or incomplete.
#
#  Out of Memory Error (allocation.cpp:389), pid=13048, tid=0x0000000000000c68
#
# JRE version: Java(TM) SE Runtime Environment (8.0_241-b07) (build 1.8.0_241-b07)
# Java VM: Java HotSpot(TM) 64-Bit Server VM (25.241-b07 mixed mode windows-amd64 compressed oops)
# Failed to write core dump. Minidumps are not enabled by default on client versions of Windows
#

---------------  T H R E A D  ---------------

Current thread (0x000000001515d800):  JavaThread "C2 CompilerThread2" daemon [_thread_in_native, id=3176, stack(0x0000000015c40000,0x0000000015d40000)]

Stack: [0x0000000015c40000,0x0000000015d40000]
[error occurred during error reporting (printing stack bounds), id 0xc0000005]

Native frames: (J=compiled Java code, j=interpreted, Vv=VM code, C=native code)


Current CompileTask:
C2:    667  354   !   4       sun.misc.URLClassPath$JarLoader::getResource (85 bytes)


---------------  P R O C E S S  ---------------

Java Threads: ( => current thread )
  0x00000000151f8000 JavaThread "Service Thread" daemon [_thread_blocked, id=1508, stack(0x0000000015e40000,0x0000000015f40000)]
  0x0000000015167800 JavaThread "C1 CompilerThread3" daemon [_thread_in_vm, id=13220, stack(0x0000000015d40000,0x0000000015e40000)]
=>0x000000001515d800 JavaThread "C2 CompilerThread2" daemon [_thread_in_native, id=3176, stack(0x0000000015c40000,0x0000000015d40000)]
  0x000000001336e000 JavaThread "C2 CompilerThread1" daemon [_thread_in_native, id=2996, stack(0x0000000015b40000,0x0000000015c40000)]
  0x000000001336b000 JavaThread "C2 CompilerThread0" daemon [_thread_in_native, id=6804, stack(0x0000000015a40000,0x0000000015b40000)]
  0x0000000015155000 JavaThread "Attach Listener" daemon [_thread_blocked, id=5852, stack(0x0000000015940000,0x0000000015a40000)]
  0x0000000015153800 JavaThread "Signal Dispatcher" daemon [_thread_blocked, id=10752, stack(0x0000000015840000,0x0000000015940000)]
  0x0000000002b3e800 JavaThread "Finalizer" daemon [_thread_blocked, id=6588, stack(0x0000000015620000,0x0000000015720000)]
  0x0000000002b37800 JavaThread "Reference Handler" daemon [_thread_blocked, id=2416, stack(0x0000000015520000,0x0000000015620000)]
  0x0000000002a3e000 JavaThread "main" [_thread_in_vm, id=10448, stack(0x0000000002930000,0x0000000002a30000)]

Other Threads:
  0x0000000013359800 VMThread [stack: 0x0000000015020000,0x0000000015120000] [id=7124]
  0x00000000151b6000 WatcherThread [stack: 0x0000000015f40000,0x0000000016040000] [id=2560]

VM state:not at safepoint (normal execution)

VM Mutex/Monitor currently owned by a thread:  ([mutex/lock_event])
[0x0000000002a3ccf0] AdapterHandlerLibrary_lock - owner thread: 0x0000000002a3e000

heap address: 0x00000000fc000000, size: 64 MB, Compressed Oops mode: 32-bit
Narrow klass base: 0x0000000000000000, Narrow klass shift: 3
Compressed class space size: 1073741824 Address: 0x0000000100000000

Heap:
 PSYoungGen      total 18944K, used 14119K [0x00000000feb00000, 0x0000000100000000, 0x0000000100000000)
  eden space 16384K, 86% used [0x00000000feb00000,0x00000000ff8c9ee0,0x00000000ffb00000)
  from space 2560K, 0% used [0x00000000ffd80000,0x00000000ffd80000,0x0000000100000000)
  to   space 2560K, 0% used [0x00000000ffb00000,0x00000000ffb00000,0x00000000ffd80000)
 ParOldGen       total 44032K, used 0K [0x00000000fc000000, 0x00000000feb00000, 0x00000000feb00000)
  object space 44032K, 0% used [0x00000000fc000000,0x00000000fc000000,0x00000000feb00000)
 Metaspace       used 5622K, capacity 5824K, committed 5888K, reserved 1058816K
  class space    used 696K, capacity 768K, committed 768K, reserved 1048576K

Card table byte_map: [0x0000000011f00000,0x0000000011f30000] byte_map_base: 0x0000000011720000

Marking Bits: (ParMarkBitMap*) 0x000000006a27be30
 Begin Bits: [0x0000000012750000, 0x0000000012850000)
 End Bits:   [0x0000000012850000, 0x0000000012950000)

Polling page: 0x00000000010b0000

CodeCache: size=245760Kb used=1962Kb max_used=1962Kb free=243797Kb
 bounds [0x0000000002b40000, 0x0000000002db0000, 0x0000000011b40000]
 total_blobs=665 nmethods=379 adapters=200
 compilation: enabled

Compilation events (10 events):
Event: 0.589 Thread 0x000000001515d800  354   !   4       sun.misc.URLClassPath$JarLoader::getResource (85 bytes)
Event: 0.592 Thread 0x0000000015167800  355       3       java.util.LinkedList$Node::<init> (20 bytes)
Event: 0.592 Thread 0x0000000015167800 nmethod 355 0x0000000002d14790 code [0x0000000002d148e0, 0x0000000002d14ad0]
Event: 0.594 Thread 0x0000000015167800  356  s    3       sun.misc.Resource::cachedInputStream (20 bytes)
Event: 0.595 Thread 0x0000000015167800 nmethod 356 0x0000000002d14b90 code [0x0000000002d14d00, 0x0000000002d150e8]
Event: 0.595 Thread 0x0000000015167800  357       3       java.security.CodeSource::getCertificates (98 bytes)
Event: 0.597 Thread 0x0000000015167800 nmethod 357 0x0000000002d15190 code [0x0000000002d153c0, 0x0000000002d15f98]
Event: 0.599 Thread 0x0000000015167800  358   !   3       sun.reflect.generics.parser.SignatureParser::current (40 bytes)
Event: 0.600 Thread 0x0000000015167800 nmethod 358 0x0000000002d163d0 code [0x0000000002d16540, 0x0000000002d166f0]
Event: 0.605 Thread 0x0000000015167800  359       3       java.util.BitSet::get (69 bytes)

GC Heap History (0 events):
No events

Deoptimization events (1 events):
Event: 0.450 Thread 0x0000000002a3e000 Uncommon trap: reason=unstable_if action=reinterpret pc=0x0000000002cce9f8 method=java.lang.String.startsWith(Ljava/lang/String;I)Z @ 25

Classes redefined (0 events):
No events

Internal exceptions (9 events):
Event: 0.047 Thread 0x0000000002a3e000 Exception <a 'java/lang/NoSuchMethodError': Method sun.misc.Unsafe.defineClass(Ljava/lang/String;[BII)Ljava/lang/Class; name or signature does not match> (0x00000000feb07cc0) thrown at [C:\ade\jenkins\workspace\8-2-build-windows-amd64-cygwin\jdk8u241\331\
Event: 0.047 Thread 0x0000000002a3e000 Exception <a 'java/lang/NoSuchMethodError': Method sun.misc.Unsafe.prefetchRead(Ljava/lang/Object;J)V name or signature does not match> (0x00000000feb07fa8) thrown at [C:\ade\jenkins\workspace\8-2-build-windows-amd64-cygwin\jdk8u241\331\hotspot\src\share\
Event: 0.393 Thread 0x0000000002a3e000 Exception <a 'java/security/PrivilegedActionException'> (0x00000000ff1bc058) thrown at [C:\ade\jenkins\workspace\8-2-build-windows-amd64-cygwin\jdk8u241\331\hotspot\src\share\vm\prims\jvm.cpp, line 1502]
Event: 0.393 Thread 0x0000000002a3e000 Exception <a 'java/security/PrivilegedActionException'> (0x00000000ff1bc268) thrown at [C:\ade\jenkins\workspace\8-2-build-windows-amd64-cygwin\jdk8u241\331\hotspot\src\share\vm\prims\jvm.cpp, line 1502]
Event: 0.394 Thread 0x0000000002a3e000 Exception <a 'java/security/PrivilegedActionException'> (0x00000000ff1c01a8) thrown at [C:\ade\jenkins\workspace\8-2-build-windows-amd64-cygwin\jdk8u241\331\hotspot\src\share\vm\prims\jvm.cpp, line 1502]
Event: 0.394 Thread 0x0000000002a3e000 Exception <a 'java/security/PrivilegedActionException'> (0x00000000ff1c03b8) thrown at [C:\ade\jenkins\workspace\8-2-build-windows-amd64-cygwin\jdk8u241\331\hotspot\src\share\vm\prims\jvm.cpp, line 1502]
Event: 0.598 Thread 0x0000000002a3e000 Exception <a 'java/lang/ArrayIndexOutOfBoundsException': 100> (0x00000000ff60fcb0) thrown at [C:\ade\jenkins\workspace\8-2-build-windows-amd64-cygwin\jdk8u241\331\hotspot\src\share\vm\interpreter\interpreterRuntime.cpp, line 368]
Event: 0.599 Thread 0x0000000002a3e000 Exception <a 'java/lang/ArrayIndexOutOfBoundsException': 18> (0x00000000ff610be8) thrown at [C:\ade\jenkins\workspace\8-2-build-windows-amd64-cygwin\jdk8u241\331\hotspot\src\share\vm\interpreter\interpreterRuntime.cpp, line 368]
Event: 0.599 Thread 0x0000000002a3e000 Exception <a 'java/lang/ArrayIndexOutOfBoundsException': 40> (0x00000000ff611818) thrown at [C:\ade\jenkins\workspace\8-2-build-windows-amd64-cygwin\jdk8u241\331\hotspot\src\share\vm\interpreter\interpreterRuntime.cpp, line 368]

Events (10 events):
Event: 0.603 loading class java/util/concurrent/ConcurrentLinkedQueue$Node
Event: 0.603 loading class java/util/concurrent/ConcurrentLinkedQueue$Node done
Event: 0.604 loading class org/gradle/internal/service/DefaultServiceRegistry$SingletonService$BindState
Event: 0.604 loading class org/gradle/internal/service/DefaultServiceRegistry$SingletonService$BindState done
Event: 0.604 loading class java/lang/reflect/WildcardType
Event: 0.604 loading class java/lang/reflect/WildcardType done
Event: 0.605 loading class org/gradle/internal/logging/sink/OutputEventListenerManager$1
Event: 0.605 loading class org/gradle/internal/logging/sink/OutputEventListenerManager$1 done
Event: 0.606 loading class org/gradle/internal/logging/source/DefaultStdOutLoggingSystem
Event: 0.606 loading class org/gradle/internal/logging/source/DefaultStdOutLoggingSystem done


Dynamic libraries:
0x00007ff7f00b0000 - 0x00007ff7f00e7000 	C:\Program Files\Java\jdk1.8.0_241\bin\java.exe
0x00007ffb2e440000 - 0x00007ffb2e630000 	C:\Windows\SYSTEM32\ntdll.dll
0x00007ffb2dfb0000 - 0x00007ffb2e062000 	C:\Windows\System32\KERNEL32.DLL
0x00007ffb2b450000 - 0x00007ffb2b6f3000 	C:\Windows\System32\KERNELBASE.dll
0x00007ffb2c7c0000 - 0x00007ffb2c863000 	C:\Windows\System32\ADVAPI32.dll
0x00007ffb2d350000 - 0x00007ffb2d3ee000 	C:\Windows\System32\msvcrt.dll
0x00007ffb2e180000 - 0x00007ffb2e217000 	C:\Windows\System32\sechost.dll
0x00007ffb2d080000 - 0x00007ffb2d1a0000 	C:\Windows\System32\KERNEL32.
0x00007ffb2c620000 - 0x00007ffb2c7b4000 	C:\Windows\System32\msvcrt.dll
0x00007ffb2b3d0000 - 0x00007ffb2b3f1000 	C:\Windows\System32\RPCRT4.dll
0x00007ffb2e070000 - 0x00007ffb2e096000 	C:\Windows\System32\GDI32.dll
0x00007ffb2c320000 - 0x00007ffb2c4b4000 	C:\Windows\System32\gdi32full.dll
0x00007ffb2c030000 - 0x00007ffb2c0ce000 	C:\Windows\System32\ucrtbase.dll
0x00007ffb2c0d0000 - 0x00007ffb2c1ca000 	C:\Windows\System32\combase.dll
0x00007ffb1a730000 - 0x00007ffb1a9b5000 	C:\Windows\WinSxS\amd64_microsoft.windows.common-controls_6595b64144ccf1df_6.0.18362.657_none_e6c5b579130e3898\COMCTL32.dll
0x00007ffb2dc70000 - 0x00007ffb2dfa6000 	C:\Program Files\Java\jdk1.8.0_241\jre\bin\msvcr100.dll
0x00007ffb2b830000 - 0x00007ffb2b8b0000 	C:\Windows\System32\bcryptPrimitives.dll
0x00007ffb2c9a0000 - 0x00007ffb2c9ce000 	C:\Windows\SYSTEM32\WSOCK32.dll
0x000000006a300000 - 0x000000006a3d2000 	C:\Program Files\Java\jdk1.8.0_241\jre\bin\msvcr100.dll
0x0000000069a50000 - 0x000000006a2fc000 	C:\Windows\System32\WS2_32.dll
0x00007ffb2cb80000 - 0x00007ffb2cb88000 	C:\Windows\SYSTEM32\winmmbase.dll
0x00007ffb0b510000 - 0x00007ffb0b519000 	C:\Windows\SYSTEM32\WSOCK32.dll
0x00007ffb240c0000 - 0x00007ffb240ca000 	C:\Program Files\Java\jdk1.8.0_241\jre\bin\java.dll
0x00007ffb27fa0000 - 0x00007ffb27fc4000 	C:\Program Files\Java\jdk1.8.0_241\jre\bin\zip.dll
0x00007ffb2d2e0000 - 0x00007ffb2d34f000 	C:\Windows\System32\WS2_32.dll
0x00007ffb27f70000 - 0x00007ffb27f9d000 	C:\Windows\System32\ADVAPI32.dll
0x00007ffb2b400000 - 0x00007ffb2b44a000 	C:\Windows\System32\USER32.dll
0x00007ffb26b70000 - 0x00007ffb26b7f000 	C:\Windows\System32\gdi32full.dll
0x00007ffb26940000 - 0x00007ffb26969000 	C:\Windows\WinSxS\amd64_microsoft.windows.common-controls_6595b64144ccf1df_6.0.18362.657_none_e6c5b579130e3898\COMCTL32.dll
0x00007ffb26920000 - 0x00007ffb26936000 	C:\Windows\System32\IMM32.DLL
0x00007ffb2d3f0000 - 0x00007ffb2dad5000 	C:\Program Files\Java\jdk1.8.0_241\jre\bin\server\jvm.dll
0x00007ffb2c870000 - 0x00007ffb2c919000 	C:\Windows\SYSTEM32\WSOCK32.dll
0x00007ffb2b8b0000 - 0x00007ffb2c02f000 	C:\Windows\SYSTEM32\WINMM.dll
0x00007ffb2b380000 - 0x00007ffb2b39f000 	C:\Windows\SYSTEM32\winmmbase.dll
0x00007ffb2b2f0000 - 0x00007ffb2b33a000 	C:\Program Files\Java\jdk1.8.0_241\jre\bin\verify.dll
0x00007ffb2b2e0000 - 0x00007ffb2b2f0000 	C:\Program Files\Java\jdk1.8.0_241\jre\bin\java.dll
0x00007ffb2c9d0000 - 0x00007ffb2ca22000 	C:\Windows\System32\shlwapi.dll
0x00007ffb2b340000 - 0x00007ffb2b351000 	C:\Windows\System32\kernel.appcore.dll
0x00007ffb2b810000 - 0x00007ffb2b827000 	C:\Windows\System32\msvcrt.dll
0x00007ffb26900000 - 0x00007ffb2691a000 	C:\Windows\System32\GDI32.dll
0x00007ffb2aaf0000 - 0x00007ffb2ab57000 	C:\Windows\System32\ucrtbase.dll
0x00007ffb268e0000 - 0x00007ffb268f2000 	C:\Windows\System32\bcryptPrimitives.dll

VM Arguments:
jvm_args: -Xmx64m -Xms64m -Dorg.gradle.appname=gradlew 
java_command: org.gradle.wrapper.GradleWrapperMain app:installDebug -PreactNativeDevServerPort=8081
java_class_path (initial): E:\ReactNative\exe01\android\\gradle\wrapper\gradle-wrapper.jar
Launcher Type: SUN_STANDARD

Environment Variables:
JAVA_HOME=C:\Program Files\Java\jdk1.8.0_241
CLASSPATH=E:\ReactNative\exe01\android\\gradle\wrapper\gradle-wrapper.jar
PATH=C:\Program Files (x86)\Common Files\Oracle\Java\javapath;C:\ProgramData\Oracle\Java\javapath;C:\Windows\system32;C:\Windows;C:\Windows\System32\Wbem;C:\Windows\System32\WindowsPowerShell\v1.0\;C:\Windows\System32\OpenSSH\;C:\Program Files\Java\jdk1.8.0_91\bin;C:\Program Files\Common Files\Autodesk Shared\;C:\Program Files\Microsoft SQL Server\120\Tools\Binn\;C:\Program Files\Intel\WiFi\bin\;C:\Program Files\Common Files\Intel\WirelessCommon\;C:\Program Files\nodejs\;C:\Program Files\Git\cmd;C:\Program Files\Microsoft VS Code\bin;;C:\Program Files (x86)\NVIDIA Corporation\PhysX\Common;C:\Users\edian\AppData\Local\Microsoft\WindowsApps;C:\Users\edian\AppData\Roaming\npm;C:\Users\edian\AppData\Local\Android\Sdk\tools;C:\Users\edian\AppData\Local\Android\Sdk\tools\bin;C:\Users\edian\AppData\Local\Android\Sdk\platform-tools
USERNAME=edian
OS=Windows_NT
PROCESSOR_IDENTIFIER=AMD64 Family 23 Model 17 Stepping 0, AuthenticAMD



---------------  S Y S T E M  ---------------

OS: Windows 10.0 , 64 bit Build 18362 (10.0.18362.329)

CPU:total 8 (initial active 8) (8 cores per cpu, 1 threads per core) family 23 model 17 stepping 0, cmov, cx8, fxsr, mmx, sse, sse2, sse3, ssse3, sse4.1, sse4.2, popcnt, avx, avx2, aes, clmul, mmxext, 3dnowpref, lzcnt, sse4a, tsc, tscinvbit, tscinv, bmi1

Memory: 4k page, physical 7286916k(2278852k free), swap 7286916k(23196k free)

vm_info: Java HotSpot(TM) 64-Bit Server VM (25.241-b07) for windows-amd64 JRE (1.8.0_241-b07), built on Dec 11 2019 10:21:40 by "rejava" with MS VC++ 10.0 (VS2010)

time: Mon Feb 17 09:15:31 2020
timezone: Hora Padrão de Buenos Aires
elapsed time: 0 seconds (0d 0h 0m 0s)

